0 info it worked if it ends with ok
1 verbose cli [ '/usr/local/Cellar/node/0.10.25/bin/node',
1 verbose cli   '/usr/local/bin/npm',
1 verbose cli   'install',
1 verbose cli   '-save',
1 verbose cli   'node-postgres' ]
2 info using npm@1.3.24
3 info using node@v0.10.25
4 warn package.json node-config@0.0.2 No repository field.
5 warn package.json path@0.4.9 path is also the name of a node core module.
6 verbose readDependencies using package.json deps
7 verbose cache add [ 'node-postgres', null ]
8 verbose cache add name=undefined spec="node-postgres" args=["node-postgres",null]
9 verbose parsed url { protocol: null,
9 verbose parsed url   slashes: null,
9 verbose parsed url   auth: null,
9 verbose parsed url   host: null,
9 verbose parsed url   port: null,
9 verbose parsed url   hostname: null,
9 verbose parsed url   hash: null,
9 verbose parsed url   search: null,
9 verbose parsed url   query: null,
9 verbose parsed url   pathname: 'node-postgres',
9 verbose parsed url   path: 'node-postgres',
9 verbose parsed url   href: 'node-postgres' }
10 silly lockFile e99017fd-node-postgres node-postgres
11 verbose lock node-postgres /Users/Adetola/.npm/e99017fd-node-postgres.lock
12 silly lockFile e99017fd-node-postgres node-postgres
13 silly lockFile e99017fd-node-postgres node-postgres
14 verbose addNamed [ 'node-postgres', '' ]
15 verbose addNamed [ null, '*' ]
16 silly lockFile e09a6723-node-postgres node-postgres@
17 verbose lock node-postgres@ /Users/Adetola/.npm/e09a6723-node-postgres.lock
18 silly addNameRange { name: 'node-postgres', range: '*', hasData: false }
19 verbose url raw node-postgres
20 verbose url resolving [ 'https://registry.npmjs.org/', './node-postgres' ]
21 verbose url resolved https://registry.npmjs.org/node-postgres
22 info trying registry request attempt 1 at 13:51:47
23 http GET https://registry.npmjs.org/node-postgres
24 http 404 https://registry.npmjs.org/node-postgres
25 silly registry.get cb [ 404,
25 silly registry.get   { date: 'Tue, 29 Jul 2014 17:51:48 GMT',
25 silly registry.get     server: 'CouchDB/1.5.0 (Erlang OTP/R16B03)',
25 silly registry.get     'content-type': 'application/json',
25 silly registry.get     'cache-control': 'max-age=0',
25 silly registry.get     'content-length': '52',
25 silly registry.get     'accept-ranges': 'bytes',
25 silly registry.get     via: '1.1 varnish',
25 silly registry.get     age: '0',
25 silly registry.get     'x-served-by': 'cache-jfk1031-JFK',
25 silly registry.get     'x-cache': 'MISS',
25 silly registry.get     'x-cache-hits': '0',
25 silly registry.get     'x-timer': 'S1406656308.183287,VS0,VE84',
25 silly registry.get     'keep-alive': 'timeout=10, max=50',
25 silly registry.get     connection: 'Keep-Alive' } ]
26 silly lockFile e09a6723-node-postgres node-postgres@
27 silly lockFile e09a6723-node-postgres node-postgres@
28 error 404 'node-postgres' is not in the npm registry.
28 error 404 You should bug the author to publish it
28 error 404 It was specified as a dependency of 'ls'
28 error 404
28 error 404 Maybe try 'npm search postgres'
28 error 404
28 error 404 Note that you can also install from a
28 error 404 tarball, folder, or http url, or git url.
29 error System Darwin 13.3.0
30 error command "/usr/local/Cellar/node/0.10.25/bin/node" "/usr/local/bin/npm" "install" "-save" "node-postgres"
31 error cwd /Users/Adetola/node-projects/access-only-back-end
32 error node -v v0.10.25
33 error npm -v 1.3.24
34 error code E404
35 verbose exit [ 1, true ]
